<?xml version="1.0" encoding="UTF-8"?>
<!-- Generated by org.testng.reporters.JUnitXMLReporter -->
<testsuite ignored="0" hostname="LAPTOP-J5E37TJF" failures="0" tests="4" name="Default test" time="8.295" errors="0" timestamp="2022-05-07T13:02:47 IST">
  <testcase classname="testjava.LoginPageTest" name="verifyUrlOfLoginPage" time="0.047"/>
  <testcase classname="testjava.LoginPageTest" name="verifyTitleOfLoginPage" time="0.032"/>
  <testcase classname="testjava.LoginPageTest" name="verifyLoginPageWithCorrectCredentials" time="5.657"/>
  <testcase classname="testjava.LoginPageTest" name="verifyLoginPageWithIncorrectCredentials" time="1.652"/>
</testsuite> <!-- Default test -->
