<?xml version="1.0" encoding="UTF-8"?>
<!-- Generated by org.testng.reporters.JUnitXMLReporter -->
<testsuite ignored="0" hostname="LAPTOP-J5E37TJF" failures="0" tests="5" name="Test" time="15.132" errors="0" timestamp="2022-05-07T13:16:16 IST">
  <testcase classname="testjava.LoginPageTest" name="verifyUrlOfLoginPage" time="0.043"/>
  <testcase classname="testjava.LoginPageTest" name="verifyTitleOfLoginPage" time="0.028"/>
  <testcase classname="testjava.LoginPageTest" name="verifyLoginPageWithCorrectCredentials" time="5.773"/>
  <testcase classname="testjava.DashBoardTest" name="verifyBellIConIsDisplayed" time="5.322"/>
  <testcase classname="testjava.LoginPageTest" name="verifyLoginPageWithIncorrectCredentials" time="1.622"/>
</testsuite> <!-- Test -->
